{"levelname": "INFO", "asctime": "2025-12-05 10:23:34,078", "module": "services", "process": 16484, "thread": 18832, "message": "get_blog_views_analytics called: object_type=country, range=month"}
{"levelname": "INFO", "asctime": "2025-12-05 10:23:34,081", "module": "services", "process": 16484, "thread": 18832, "message": "get_blog_views_analytics returning 1 results"}
{"levelname": "INFO", "asctime": "2025-12-05 10:23:34,086", "module": "services", "process": 16484, "thread": 18832, "message": "get_blog_views_analytics called: object_type=user, range=all"}
{"levelname": "INFO", "asctime": "2025-12-05 10:23:34,089", "module": "services", "process": 16484, "thread": 18832, "message": "get_blog_views_analytics returning 2 results"}
{"levelname": "INFO", "asctime": "2025-12-05 10:23:34,098", "module": "services", "process": 16484, "thread": 18832, "message": "get_performance_analytics called: compare=month, user_id=None"}
{"levelname": "INFO", "asctime": "2025-12-05 10:23:34,105", "module": "services", "process": 16484, "thread": 18832, "message": "get_performance_analytics returning 2 periods"}
{"levelname": "INFO", "asctime": "2025-12-05 10:23:34,109", "module": "services", "process": 16484, "thread": 18832, "message": "get_top_analytics called: top_type=user, range=month"}
{"levelname": "INFO", "asctime": "2025-12-05 10:23:34,111", "module": "services", "process": 16484, "thread": 18832, "message": "get_top_analytics returning 1 results"}
{"levelname": "INFO", "asctime": "2025-12-05 10:23:36,164", "module": "views", "process": 18204, "thread": 7892, "message": "BlogViewsAnalyticsAPI called: <QueryDict: {'object_type': ['country'], 'limit': ['10'], 'offset': ['0']}>"}
{"levelname": "INFO", "asctime": "2025-12-05 10:23:36,165", "module": "services", "process": 18204, "thread": 7892, "message": "get_blog_views_analytics called: object_type=country, range=month"}
{"levelname": "INFO", "asctime": "2025-12-05 10:23:36,168", "module": "services", "process": 18204, "thread": 7892, "message": "get_blog_views_analytics returning 1 results"}
{"levelname": "INFO", "asctime": "2025-12-05 10:23:37,101", "module": "views", "process": 18204, "thread": 7892, "message": "BlogViewsAnalyticsAPI called: <QueryDict: {'object_type': ['country'], 'filters': ['{\"operator\": \"and\", \"conditions\": [{\"field\": \"country__name\", \"operator\": \"eq\", \"value\": \"Test Country\"}]}']}>"}
{"levelname": "INFO", "asctime": "2025-12-05 10:23:37,101", "module": "services", "process": 18204, "thread": 7892, "message": "get_blog_views_analytics called: object_type=country, range=month"}
{"levelname": "INFO", "asctime": "2025-12-05 10:23:37,104", "module": "services", "process": 18204, "thread": 7892, "message": "get_blog_views_analytics returning 1 results"}
{"levelname": "INFO", "asctime": "2025-12-05 10:23:38,032", "module": "views", "process": 18204, "thread": 7892, "message": "BlogViewsAnalyticsAPI called: <QueryDict: {'object_type': ['invalid'], 'range': ['month']}>"}
{"levelname": "ERROR", "asctime": "2025-12-05 10:23:38,033", "module": "exceptions", "process": 18204, "thread": 7892, "message": "AnalyticsAPIException: Invalid object_type: invalid. Must be 'country' or 'user'"}
{"levelname": "WARNING", "asctime": "2025-12-05 10:23:38,034", "module": "views", "process": 18204, "thread": 7892, "message": "Invalid filter in BlogViewsAnalyticsAPI: Invalid object_type: invalid. Must be 'country' or 'user'"}
{"levelname": "WARNING", "asctime": "2025-12-05 10:23:38,040", "module": "log", "process": 18204, "thread": 7892, "message": "Bad Request: /analytics/blog-views/", "request": "<WSGIRequest: GET '/analytics/blog-views/?object_type=invalid&range=month'>", "status_code": 400}
{"levelname": "INFO", "asctime": "2025-12-05 10:23:38,967", "module": "views", "process": 18204, "thread": 7892, "message": "BlogViewsAnalyticsAPI called: <QueryDict: {'object_type': ['country'], 'range': ['month']}>"}
{"levelname": "INFO", "asctime": "2025-12-05 10:23:38,968", "module": "services", "process": 18204, "thread": 7892, "message": "get_blog_views_analytics called: object_type=country, range=month"}
{"levelname": "INFO", "asctime": "2025-12-05 10:23:38,971", "module": "services", "process": 18204, "thread": 7892, "message": "get_blog_views_analytics returning 1 results"}
{"levelname": "INFO", "asctime": "2025-12-05 10:23:39,903", "module": "views", "process": 18204, "thread": 7892, "message": "PerformanceAnalyticsAPI called: <QueryDict: {'compare': ['month']}>"}
{"levelname": "INFO", "asctime": "2025-12-05 10:23:39,904", "module": "services", "process": 18204, "thread": 7892, "message": "get_performance_analytics called: compare=month, user_id=None"}
{"levelname": "INFO", "asctime": "2025-12-05 10:23:39,910", "module": "services", "process": 18204, "thread": 7892, "message": "get_performance_analytics returning 1 periods"}
{"levelname": "INFO", "asctime": "2025-12-05 10:23:40,840", "module": "views", "process": 18204, "thread": 7892, "message": "TopAnalyticsAPI called: <QueryDict: {'top': ['user']}>"}
{"levelname": "INFO", "asctime": "2025-12-05 10:23:40,840", "module": "services", "process": 18204, "thread": 7892, "message": "get_top_analytics called: top_type=user, range=None"}
{"levelname": "INFO", "asctime": "2025-12-05 10:23:40,844", "module": "services", "process": 18204, "thread": 7892, "message": "get_top_analytics returning 1 results"}
{"levelname": "INFO", "asctime": "2025-12-05 10:23:42,964", "module": "views", "process": 21604, "thread": 16448, "message": "BlogViewsAnalyticsAPI called: <QueryDict: {'object_type': ['country'], 'range': ['month']}>"}
{"levelname": "INFO", "asctime": "2025-12-05 10:23:42,965", "module": "services", "process": 21604, "thread": 16448, "message": "get_blog_views_analytics called: object_type=country, range=month"}
{"levelname": "INFO", "asctime": "2025-12-05 10:23:42,968", "module": "services", "process": 21604, "thread": 16448, "message": "get_blog_views_analytics returning 1 results"}
{"levelname": "INFO", "asctime": "2025-12-05 10:23:42,973", "module": "views", "process": 21604, "thread": 16448, "message": "BlogViewsAnalyticsAPI called: <QueryDict: {'object_type': ['user'], 'range': ['month']}>"}
{"levelname": "INFO", "asctime": "2025-12-05 10:23:42,974", "module": "services", "process": 21604, "thread": 16448, "message": "get_blog_views_analytics called: object_type=user, range=month"}
{"levelname": "INFO", "asctime": "2025-12-05 10:23:42,977", "module": "services", "process": 21604, "thread": 16448, "message": "get_blog_views_analytics returning 1 results"}
{"levelname": "INFO", "asctime": "2025-12-05 10:23:42,980", "module": "views", "process": 21604, "thread": 16448, "message": "TopAnalyticsAPI called: <QueryDict: {'top': ['user']}>"}
{"levelname": "INFO", "asctime": "2025-12-05 10:23:42,980", "module": "services", "process": 21604, "thread": 16448, "message": "get_top_analytics called: top_type=user, range=None"}
{"levelname": "INFO", "asctime": "2025-12-05 10:23:42,982", "module": "services", "process": 21604, "thread": 16448, "message": "get_top_analytics returning 1 results"}
{"levelname": "INFO", "asctime": "2025-12-05 10:23:42,983", "module": "views", "process": 21604, "thread": 16448, "message": "TopAnalyticsAPI called: <QueryDict: {'top': ['country']}>"}
{"levelname": "INFO", "asctime": "2025-12-05 10:23:42,984", "module": "services", "process": 21604, "thread": 16448, "message": "get_top_analytics called: top_type=country, range=None"}
{"levelname": "INFO", "asctime": "2025-12-05 10:23:42,985", "module": "services", "process": 21604, "thread": 16448, "message": "get_top_analytics returning 1 results"}
{"levelname": "INFO", "asctime": "2025-12-05 10:23:42,988", "module": "views", "process": 21604, "thread": 16448, "message": "TopAnalyticsAPI called: <QueryDict: {'top': ['blog']}>"}
{"levelname": "INFO", "asctime": "2025-12-05 10:23:42,993", "module": "services", "process": 21604, "thread": 16448, "message": "get_top_analytics called: top_type=blog, range=None"}
{"levelname": "INFO", "asctime": "2025-12-05 10:23:42,994", "module": "services", "process": 21604, "thread": 16448, "message": "get_top_analytics returning 1 results"}
{"levelname": "INFO", "asctime": "2025-12-05 10:23:42,995", "module": "views", "process": 21604, "thread": 16448, "message": "PerformanceAnalyticsAPI called: <QueryDict: {'compare': ['month']}>"}
{"levelname": "INFO", "asctime": "2025-12-05 10:23:42,996", "module": "services", "process": 21604, "thread": 16448, "message": "get_performance_analytics called: compare=month, user_id=None"}
{"levelname": "INFO", "asctime": "2025-12-05 10:23:43,001", "module": "services", "process": 21604, "thread": 16448, "message": "get_performance_analytics returning 1 periods"}
{"levelname": "INFO", "asctime": "2025-12-05 10:23:43,003", "module": "views", "process": 21604, "thread": 16448, "message": "PerformanceAnalyticsAPI called: <QueryDict: {'compare': ['week']}>"}
{"levelname": "INFO", "asctime": "2025-12-05 10:23:43,004", "module": "services", "process": 21604, "thread": 16448, "message": "get_performance_analytics called: compare=week, user_id=None"}
{"levelname": "INFO", "asctime": "2025-12-05 10:23:43,010", "module": "services", "process": 21604, "thread": 16448, "message": "get_performance_analytics returning 1 periods"}
{"levelname": "INFO", "asctime": "2025-12-05 10:23:43,944", "module": "views", "process": 21604, "thread": 16448, "message": "BlogViewsAnalyticsAPI called: <QueryDict: {'object_type': ['invalid']}>"}
{"levelname": "ERROR", "asctime": "2025-12-05 10:23:43,945", "module": "exceptions", "process": 21604, "thread": 16448, "message": "AnalyticsAPIException: Invalid object_type: invalid. Must be 'country' or 'user'"}
{"levelname": "WARNING", "asctime": "2025-12-05 10:23:43,946", "module": "views", "process": 21604, "thread": 16448, "message": "Invalid filter in BlogViewsAnalyticsAPI: Invalid object_type: invalid. Must be 'country' or 'user'"}
{"levelname": "WARNING", "asctime": "2025-12-05 10:23:43,955", "module": "log", "process": 21604, "thread": 16448, "message": "Bad Request: /analytics/blog-views/", "request": "<WSGIRequest: GET '/analytics/blog-views/?object_type=invalid'>", "status_code": 400}
{"levelname": "INFO", "asctime": "2025-12-05 10:23:43,958", "module": "views", "process": 21604, "thread": 16448, "message": "TopAnalyticsAPI called: <QueryDict: {'top': ['invalid']}>"}
{"levelname": "ERROR", "asctime": "2025-12-05 10:23:43,959", "module": "exceptions", "process": 21604, "thread": 16448, "message": "AnalyticsAPIException: Invalid top_type: invalid. Must be 'user', 'country', or 'blog'"}
{"levelname": "WARNING", "asctime": "2025-12-05 10:23:43,960", "module": "views", "process": 21604, "thread": 16448, "message": "Invalid filter in TopAnalyticsAPI: Invalid top_type: invalid. Must be 'user', 'country', or 'blog'"}
{"levelname": "WARNING", "asctime": "2025-12-05 10:23:43,961", "module": "log", "process": 21604, "thread": 16448, "message": "Bad Request: /analytics/top/", "request": "<WSGIRequest: GET '/analytics/top/?top=invalid'>", "status_code": 400}
{"levelname": "INFO", "asctime": "2025-12-05 10:23:43,964", "module": "views", "process": 21604, "thread": 16448, "message": "PerformanceAnalyticsAPI called: <QueryDict: {'compare': ['invalid']}>"}
{"levelname": "ERROR", "asctime": "2025-12-05 10:23:43,969", "module": "exceptions", "process": 21604, "thread": 16448, "message": "AnalyticsAPIException: Invalid compare_type: invalid. Must be 'day', 'week', 'month', or 'year'"}
{"levelname": "WARNING", "asctime": "2025-12-05 10:23:43,970", "module": "views", "process": 21604, "thread": 16448, "message": "Invalid filter in PerformanceAnalyticsAPI: Invalid compare_type: invalid. Must be 'day', 'week', 'month', or 'year'"}
{"levelname": "WARNING", "asctime": "2025-12-05 10:23:43,971", "module": "log", "process": 21604, "thread": 16448, "message": "Bad Request: /analytics/performance/", "request": "<WSGIRequest: GET '/analytics/performance/?compare=invalid'>", "status_code": 400}
{"levelname": "INFO", "asctime": "2025-12-05 10:23:47,030", "module": "views", "process": 17132, "thread": 16160, "message": "BlogViewsAnalyticsAPI called: <QueryDict: {'object_type': ['country'], 'range': ['month']}>"}
{"levelname": "INFO", "asctime": "2025-12-05 10:23:47,030", "module": "services", "process": 17132, "thread": 16160, "message": "get_blog_views_analytics called: object_type=country, range=month"}
{"levelname": "INFO", "asctime": "2025-12-05 10:23:47,033", "module": "services", "process": 17132, "thread": 16160, "message": "get_blog_views_analytics returning 1 results"}
{"levelname": "INFO", "asctime": "2025-12-05 10:23:47,035", "module": "views", "process": 17132, "thread": 16160, "message": "BlogViewsAnalyticsAPI called: <QueryDict: {'object_type': ['user'], 'range': ['month']}>"}
{"levelname": "INFO", "asctime": "2025-12-05 10:23:47,038", "module": "services", "process": 17132, "thread": 16160, "message": "get_blog_views_analytics called: object_type=user, range=month"}
{"levelname": "INFO", "asctime": "2025-12-05 10:23:47,040", "module": "services", "process": 17132, "thread": 16160, "message": "get_blog_views_analytics returning 1 results"}
{"levelname": "INFO", "asctime": "2025-12-05 10:23:47,043", "module": "views", "process": 17132, "thread": 16160, "message": "TopAnalyticsAPI called: <QueryDict: {'top': ['user']}>"}
{"levelname": "INFO", "asctime": "2025-12-05 10:23:47,044", "module": "services", "process": 17132, "thread": 16160, "message": "get_top_analytics called: top_type=user, range=None"}
{"levelname": "INFO", "asctime": "2025-12-05 10:23:47,046", "module": "services", "process": 17132, "thread": 16160, "message": "get_top_analytics returning 1 results"}
{"levelname": "INFO", "asctime": "2025-12-05 10:23:47,047", "module": "views", "process": 17132, "thread": 16160, "message": "TopAnalyticsAPI called: <QueryDict: {'top': ['country']}>"}
{"levelname": "INFO", "asctime": "2025-12-05 10:23:47,048", "module": "services", "process": 17132, "thread": 16160, "message": "get_top_analytics called: top_type=country, range=None"}
{"levelname": "INFO", "asctime": "2025-12-05 10:23:47,049", "module": "services", "process": 17132, "thread": 16160, "message": "get_top_analytics returning 1 results"}
{"levelname": "INFO", "asctime": "2025-12-05 10:23:47,050", "module": "views", "process": 17132, "thread": 16160, "message": "TopAnalyticsAPI called: <QueryDict: {'top': ['blog']}>"}
{"levelname": "INFO", "asctime": "2025-12-05 10:23:47,051", "module": "services", "process": 17132, "thread": 16160, "message": "get_top_analytics called: top_type=blog, range=None"}
{"levelname": "INFO", "asctime": "2025-12-05 10:23:47,053", "module": "services", "process": 17132, "thread": 16160, "message": "get_top_analytics returning 1 results"}
{"levelname": "INFO", "asctime": "2025-12-05 10:23:47,057", "module": "views", "process": 17132, "thread": 16160, "message": "PerformanceAnalyticsAPI called: <QueryDict: {'compare': ['month']}>"}
{"levelname": "INFO", "asctime": "2025-12-05 10:23:47,058", "module": "services", "process": 17132, "thread": 16160, "message": "get_performance_analytics called: compare=month, user_id=None"}
{"levelname": "INFO", "asctime": "2025-12-05 10:23:47,063", "module": "services", "process": 17132, "thread": 16160, "message": "get_performance_analytics returning 1 periods"}
{"levelname": "INFO", "asctime": "2025-12-05 10:23:47,064", "module": "views", "process": 17132, "thread": 16160, "message": "PerformanceAnalyticsAPI called: <QueryDict: {'compare': ['week']}>"}
{"levelname": "INFO", "asctime": "2025-12-05 10:23:47,065", "module": "services", "process": 17132, "thread": 16160, "message": "get_performance_analytics called: compare=week, user_id=None"}
{"levelname": "INFO", "asctime": "2025-12-05 10:23:47,067", "module": "services", "process": 17132, "thread": 16160, "message": "get_performance_analytics returning 1 periods"}
{"levelname": "INFO", "asctime": "2025-12-05 10:23:48,081", "module": "views", "process": 17132, "thread": 16160, "message": "BlogViewsAnalyticsAPI called: <QueryDict: {'object_type': ['invalid']}>"}
{"levelname": "ERROR", "asctime": "2025-12-05 10:23:48,081", "module": "exceptions", "process": 17132, "thread": 16160, "message": "AnalyticsAPIException: Invalid object_type: invalid. Must be 'country' or 'user'"}
{"levelname": "WARNING", "asctime": "2025-12-05 10:23:48,083", "module": "views", "process": 17132, "thread": 16160, "message": "Invalid filter in BlogViewsAnalyticsAPI: Invalid object_type: invalid. Must be 'country' or 'user'"}
{"levelname": "WARNING", "asctime": "2025-12-05 10:23:48,084", "module": "log", "process": 17132, "thread": 16160, "message": "Bad Request: /analytics/blog-views/", "request": "<WSGIRequest: GET '/analytics/blog-views/?object_type=invalid'>", "status_code": 400}
{"levelname": "INFO", "asctime": "2025-12-05 10:23:48,089", "module": "views", "process": 17132, "thread": 16160, "message": "TopAnalyticsAPI called: <QueryDict: {'top': ['invalid']}>"}
{"levelname": "ERROR", "asctime": "2025-12-05 10:23:48,089", "module": "exceptions", "process": 17132, "thread": 16160, "message": "AnalyticsAPIException: Invalid top_type: invalid. Must be 'user', 'country', or 'blog'"}
{"levelname": "WARNING", "asctime": "2025-12-05 10:23:48,090", "module": "views", "process": 17132, "thread": 16160, "message": "Invalid filter in TopAnalyticsAPI: Invalid top_type: invalid. Must be 'user', 'country', or 'blog'"}
{"levelname": "WARNING", "asctime": "2025-12-05 10:23:48,090", "module": "log", "process": 17132, "thread": 16160, "message": "Bad Request: /analytics/top/", "request": "<WSGIRequest: GET '/analytics/top/?top=invalid'>", "status_code": 400}
{"levelname": "INFO", "asctime": "2025-12-05 10:23:48,091", "module": "views", "process": 17132, "thread": 16160, "message": "PerformanceAnalyticsAPI called: <QueryDict: {'compare': ['invalid']}>"}
{"levelname": "ERROR", "asctime": "2025-12-05 10:23:48,092", "module": "exceptions", "process": 17132, "thread": 16160, "message": "AnalyticsAPIException: Invalid compare_type: invalid. Must be 'day', 'week', 'month', or 'year'"}
{"levelname": "WARNING", "asctime": "2025-12-05 10:23:48,093", "module": "views", "process": 17132, "thread": 16160, "message": "Invalid filter in PerformanceAnalyticsAPI: Invalid compare_type: invalid. Must be 'day', 'week', 'month', or 'year'"}
{"levelname": "WARNING", "asctime": "2025-12-05 10:23:48,093", "module": "log", "process": 17132, "thread": 16160, "message": "Bad Request: /analytics/performance/", "request": "<WSGIRequest: GET '/analytics/performance/?compare=invalid'>", "status_code": 400}
{"levelname": "INFO", "asctime": "2025-12-05 10:23:52,789", "module": "services", "process": 17132, "thread": 16160, "message": "get_blog_views_analytics called: object_type=country, range=month"}
{"levelname": "INFO", "asctime": "2025-12-05 10:23:52,791", "module": "services", "process": 17132, "thread": 16160, "message": "get_blog_views_analytics returning 1 results"}
{"levelname": "INFO", "asctime": "2025-12-05 10:23:52,796", "module": "services", "process": 17132, "thread": 16160, "message": "get_blog_views_analytics called: object_type=user, range=all"}
{"levelname": "INFO", "asctime": "2025-12-05 10:23:52,799", "module": "services", "process": 17132, "thread": 16160, "message": "get_blog_views_analytics returning 2 results"}
{"levelname": "INFO", "asctime": "2025-12-05 10:23:52,806", "module": "services", "process": 17132, "thread": 16160, "message": "get_performance_analytics called: compare=month, user_id=None"}
{"levelname": "INFO", "asctime": "2025-12-05 10:23:52,807", "module": "services", "process": 17132, "thread": 16160, "message": "get_performance_analytics returning 2 periods"}
{"levelname": "INFO", "asctime": "2025-12-05 10:23:52,811", "module": "services", "process": 17132, "thread": 16160, "message": "get_top_analytics called: top_type=user, range=month"}
{"levelname": "INFO", "asctime": "2025-12-05 10:23:52,815", "module": "services", "process": 17132, "thread": 16160, "message": "get_top_analytics returning 1 results"}
{"levelname": "INFO", "asctime": "2025-12-05 10:23:53,816", "module": "views", "process": 17132, "thread": 16160, "message": "BlogViewsAnalyticsAPI called: <QueryDict: {'object_type': ['country'], 'limit': ['10'], 'offset': ['0']}>"}
{"levelname": "INFO", "asctime": "2025-12-05 10:23:53,816", "module": "services", "process": 17132, "thread": 16160, "message": "get_blog_views_analytics called: object_type=country, range=month"}
{"levelname": "INFO", "asctime": "2025-12-05 10:23:53,820", "module": "services", "process": 17132, "thread": 16160, "message": "get_blog_views_analytics returning 1 results"}
{"levelname": "INFO", "asctime": "2025-12-05 10:23:54,771", "module": "views", "process": 17132, "thread": 16160, "message": "BlogViewsAnalyticsAPI called: <QueryDict: {'object_type': ['country'], 'filters': ['{\"operator\": \"and\", \"conditions\": [{\"field\": \"country__name\", \"operator\": \"eq\", \"value\": \"Test Country\"}]}']}>"}
{"levelname": "INFO", "asctime": "2025-12-05 10:23:54,771", "module": "services", "process": 17132, "thread": 16160, "message": "get_blog_views_analytics called: object_type=country, range=month"}
{"levelname": "INFO", "asctime": "2025-12-05 10:23:54,773", "module": "services", "process": 17132, "thread": 16160, "message": "get_blog_views_analytics returning 1 results"}
{"levelname": "INFO", "asctime": "2025-12-05 10:23:55,737", "module": "views", "process": 17132, "thread": 16160, "message": "BlogViewsAnalyticsAPI called: <QueryDict: {'object_type': ['invalid'], 'range': ['month']}>"}
{"levelname": "ERROR", "asctime": "2025-12-05 10:23:55,738", "module": "exceptions", "process": 17132, "thread": 16160, "message": "AnalyticsAPIException: Invalid object_type: invalid. Must be 'country' or 'user'"}
{"levelname": "WARNING", "asctime": "2025-12-05 10:23:55,740", "module": "views", "process": 17132, "thread": 16160, "message": "Invalid filter in BlogViewsAnalyticsAPI: Invalid object_type: invalid. Must be 'country' or 'user'"}
{"levelname": "WARNING", "asctime": "2025-12-05 10:23:55,744", "module": "log", "process": 17132, "thread": 16160, "message": "Bad Request: /analytics/blog-views/", "request": "<WSGIRequest: GET '/analytics/blog-views/?object_type=invalid&range=month'>", "status_code": 400}
{"levelname": "INFO", "asctime": "2025-12-05 10:23:56,691", "module": "views", "process": 17132, "thread": 16160, "message": "BlogViewsAnalyticsAPI called: <QueryDict: {'object_type': ['country'], 'range': ['month']}>"}
{"levelname": "INFO", "asctime": "2025-12-05 10:23:56,692", "module": "services", "process": 17132, "thread": 16160, "message": "get_blog_views_analytics called: object_type=country, range=month"}
{"levelname": "INFO", "asctime": "2025-12-05 10:23:56,694", "module": "services", "process": 17132, "thread": 16160, "message": "get_blog_views_analytics returning 1 results"}
{"levelname": "INFO", "asctime": "2025-12-05 10:23:57,628", "module": "views", "process": 17132, "thread": 16160, "message": "PerformanceAnalyticsAPI called: <QueryDict: {'compare': ['month']}>"}
{"levelname": "INFO", "asctime": "2025-12-05 10:23:57,629", "module": "services", "process": 17132, "thread": 16160, "message": "get_performance_analytics called: compare=month, user_id=None"}
{"levelname": "INFO", "asctime": "2025-12-05 10:23:57,632", "module": "services", "process": 17132, "thread": 16160, "message": "get_performance_analytics returning 1 periods"}
{"levelname": "INFO", "asctime": "2025-12-05 10:23:58,563", "module": "views", "process": 17132, "thread": 16160, "message": "TopAnalyticsAPI called: <QueryDict: {'top': ['user']}>"}
{"levelname": "INFO", "asctime": "2025-12-05 10:23:58,564", "module": "services", "process": 17132, "thread": 16160, "message": "get_top_analytics called: top_type=user, range=None"}
{"levelname": "INFO", "asctime": "2025-12-05 10:23:58,566", "module": "services", "process": 17132, "thread": 16160, "message": "get_top_analytics returning 1 results"}
{"levelname": "INFO", "asctime": "2025-12-05 10:23:59,409", "module": "views", "process": 19192, "thread": 14156, "message": "BlogViewsAnalyticsAPI called: <QueryDict: {'object_type': ['country'], 'range': ['month']}>"}
{"levelname": "INFO", "asctime": "2025-12-05 10:23:59,410", "module": "services", "process": 19192, "thread": 14156, "message": "get_blog_views_analytics called: object_type=country, range=month"}
{"levelname": "INFO", "asctime": "2025-12-05 10:23:59,417", "module": "services", "process": 19192, "thread": 14156, "message": "get_blog_views_analytics returning 19 results"}
{"levelname": "INFO", "asctime": "2025-12-05 10:23:59,425", "module": "views", "process": 19192, "thread": 14156, "message": "BlogViewsAnalyticsAPI called: <QueryDict: {'object_type': ['country'], 'range': ['month']}>"}
{"levelname": "INFO", "asctime": "2025-12-05 10:23:59,425", "module": "services", "process": 19192, "thread": 14156, "message": "get_blog_views_analytics called: object_type=country, range=month"}
{"levelname": "INFO", "asctime": "2025-12-05 10:23:59,428", "module": "services", "process": 19192, "thread": 14156, "message": "get_blog_views_analytics returning 19 results"}
{"levelname": "INFO", "asctime": "2025-12-05 10:23:59,435", "module": "views", "process": 19192, "thread": 14156, "message": "BlogViewsAnalyticsAPI called: <QueryDict: {'object_type': ['country'], 'range': ['month']}>"}
{"levelname": "INFO", "asctime": "2025-12-05 10:23:59,435", "module": "services", "process": 19192, "thread": 14156, "message": "get_blog_views_analytics called: object_type=country, range=month"}
{"levelname": "INFO", "asctime": "2025-12-05 10:23:59,439", "module": "services", "process": 19192, "thread": 14156, "message": "get_blog_views_analytics returning 19 results"}
{"levelname": "INFO", "asctime": "2025-12-05 10:23:59,445", "module": "views", "process": 19192, "thread": 14156, "message": "BlogViewsAnalyticsAPI called: <QueryDict: {'object_type': ['country'], 'range': ['month']}>"}
{"levelname": "INFO", "asctime": "2025-12-05 10:23:59,446", "module": "services", "process": 19192, "thread": 14156, "message": "get_blog_views_analytics called: object_type=country, range=month"}
{"levelname": "INFO", "asctime": "2025-12-05 10:23:59,449", "module": "services", "process": 19192, "thread": 14156, "message": "get_blog_views_analytics returning 19 results"}
{"levelname": "INFO", "asctime": "2025-12-05 10:23:59,456", "module": "views", "process": 19192, "thread": 14156, "message": "BlogViewsAnalyticsAPI called: <QueryDict: {'object_type': ['country'], 'range': ['month']}>"}
{"levelname": "INFO", "asctime": "2025-12-05 10:23:59,457", "module": "services", "process": 19192, "thread": 14156, "message": "get_blog_views_analytics called: object_type=country, range=month"}
{"levelname": "INFO", "asctime": "2025-12-05 10:23:59,460", "module": "services", "process": 19192, "thread": 14156, "message": "get_blog_views_analytics returning 19 results"}
{"levelname": "INFO", "asctime": "2025-12-05 10:23:59,466", "module": "views", "process": 19192, "thread": 14156, "message": "BlogViewsAnalyticsAPI called: <QueryDict: {'object_type': ['country'], 'range': ['month']}>"}
{"levelname": "INFO", "asctime": "2025-12-05 10:23:59,466", "module": "services", "process": 19192, "thread": 14156, "message": "get_blog_views_analytics called: object_type=country, range=month"}
{"levelname": "INFO", "asctime": "2025-12-05 10:23:59,470", "module": "services", "process": 19192, "thread": 14156, "message": "get_blog_views_analytics returning 19 results"}
{"levelname": "INFO", "asctime": "2025-12-05 10:23:59,476", "module": "views", "process": 19192, "thread": 14156, "message": "BlogViewsAnalyticsAPI called: <QueryDict: {'object_type': ['country'], 'range': ['month']}>"}
{"levelname": "INFO", "asctime": "2025-12-05 10:23:59,476", "module": "services", "process": 19192, "thread": 14156, "message": "get_blog_views_analytics called: object_type=country, range=month"}
{"levelname": "INFO", "asctime": "2025-12-05 10:23:59,479", "module": "services", "process": 19192, "thread": 14156, "message": "get_blog_views_analytics returning 19 results"}
{"levelname": "INFO", "asctime": "2025-12-05 10:23:59,486", "module": "views", "process": 19192, "thread": 14156, "message": "BlogViewsAnalyticsAPI called: <QueryDict: {'object_type': ['country'], 'range': ['month']}>"}
{"levelname": "INFO", "asctime": "2025-12-05 10:23:59,487", "module": "services", "process": 19192, "thread": 14156, "message": "get_blog_views_analytics called: object_type=country, range=month"}
{"levelname": "INFO", "asctime": "2025-12-05 10:23:59,492", "module": "services", "process": 19192, "thread": 14156, "message": "get_blog_views_analytics returning 19 results"}
{"levelname": "INFO", "asctime": "2025-12-05 10:23:59,498", "module": "views", "process": 19192, "thread": 14156, "message": "BlogViewsAnalyticsAPI called: <QueryDict: {'object_type': ['country'], 'range': ['month']}>"}
{"levelname": "INFO", "asctime": "2025-12-05 10:23:59,499", "module": "services", "process": 19192, "thread": 14156, "message": "get_blog_views_analytics called: object_type=country, range=month"}
{"levelname": "INFO", "asctime": "2025-12-05 10:23:59,502", "module": "services", "process": 19192, "thread": 14156, "message": "get_blog_views_analytics returning 19 results"}
{"levelname": "INFO", "asctime": "2025-12-05 10:23:59,510", "module": "views", "process": 19192, "thread": 14156, "message": "BlogViewsAnalyticsAPI called: <QueryDict: {'object_type': ['country'], 'range': ['month']}>"}
{"levelname": "INFO", "asctime": "2025-12-05 10:23:59,511", "module": "services", "process": 19192, "thread": 14156, "message": "get_blog_views_analytics called: object_type=country, range=month"}
{"levelname": "INFO", "asctime": "2025-12-05 10:23:59,514", "module": "services", "process": 19192, "thread": 14156, "message": "get_blog_views_analytics returning 19 results"}
{"levelname": "INFO", "asctime": "2025-12-05 10:23:59,528", "module": "views", "process": 19192, "thread": 14156, "message": "BlogViewsAnalyticsAPI called: <QueryDict: {'object_type': ['user'], 'range': ['month']}>"}
{"levelname": "INFO", "asctime": "2025-12-05 10:23:59,528", "module": "services", "process": 19192, "thread": 14156, "message": "get_blog_views_analytics called: object_type=user, range=month"}
{"levelname": "INFO", "asctime": "2025-12-05 10:23:59,534", "module": "services", "process": 19192, "thread": 14156, "message": "get_blog_views_analytics returning 30 results"}
{"levelname": "INFO", "asctime": "2025-12-05 10:23:59,545", "module": "views", "process": 19192, "thread": 14156, "message": "BlogViewsAnalyticsAPI called: <QueryDict: {'object_type': ['user'], 'range': ['month']}>"}
{"levelname": "INFO", "asctime": "2025-12-05 10:23:59,545", "module": "services", "process": 19192, "thread": 14156, "message": "get_blog_views_analytics called: object_type=user, range=month"}
{"levelname": "INFO", "asctime": "2025-12-05 10:23:59,551", "module": "services", "process": 19192, "thread": 14156, "message": "get_blog_views_analytics returning 30 results"}
{"levelname": "INFO", "asctime": "2025-12-05 10:23:59,562", "module": "views", "process": 19192, "thread": 14156, "message": "BlogViewsAnalyticsAPI called: <QueryDict: {'object_type': ['user'], 'range': ['month']}>"}
{"levelname": "INFO", "asctime": "2025-12-05 10:23:59,562", "module": "services", "process": 19192, "thread": 14156, "message": "get_blog_views_analytics called: object_type=user, range=month"}
{"levelname": "INFO", "asctime": "2025-12-05 10:23:59,568", "module": "services", "process": 19192, "thread": 14156, "message": "get_blog_views_analytics returning 30 results"}
{"levelname": "INFO", "asctime": "2025-12-05 10:23:59,579", "module": "views", "process": 19192, "thread": 14156, "message": "BlogViewsAnalyticsAPI called: <QueryDict: {'object_type': ['user'], 'range': ['month']}>"}
{"levelname": "INFO", "asctime": "2025-12-05 10:23:59,579", "module": "services", "process": 19192, "thread": 14156, "message": "get_blog_views_analytics called: object_type=user, range=month"}
{"levelname": "INFO", "asctime": "2025-12-05 10:23:59,585", "module": "services", "process": 19192, "thread": 14156, "message": "get_blog_views_analytics returning 30 results"}
{"levelname": "INFO", "asctime": "2025-12-05 10:23:59,596", "module": "views", "process": 19192, "thread": 14156, "message": "BlogViewsAnalyticsAPI called: <QueryDict: {'object_type': ['user'], 'range': ['month']}>"}
{"levelname": "INFO", "asctime": "2025-12-05 10:23:59,597", "module": "services", "process": 19192, "thread": 14156, "message": "get_blog_views_analytics called: object_type=user, range=month"}
{"levelname": "INFO", "asctime": "2025-12-05 10:23:59,602", "module": "services", "process": 19192, "thread": 14156, "message": "get_blog_views_analytics returning 30 results"}
{"levelname": "INFO", "asctime": "2025-12-05 10:23:59,613", "module": "views", "process": 19192, "thread": 14156, "message": "BlogViewsAnalyticsAPI called: <QueryDict: {'object_type': ['user'], 'range': ['month']}>"}
{"levelname": "INFO", "asctime": "2025-12-05 10:23:59,613", "module": "services", "process": 19192, "thread": 14156, "message": "get_blog_views_analytics called: object_type=user, range=month"}
{"levelname": "INFO", "asctime": "2025-12-05 10:23:59,619", "module": "services", "process": 19192, "thread": 14156, "message": "get_blog_views_analytics returning 30 results"}
{"levelname": "INFO", "asctime": "2025-12-05 10:23:59,630", "module": "views", "process": 19192, "thread": 14156, "message": "BlogViewsAnalyticsAPI called: <QueryDict: {'object_type': ['user'], 'range': ['month']}>"}
{"levelname": "INFO", "asctime": "2025-12-05 10:23:59,630", "module": "services", "process": 19192, "thread": 14156, "message": "get_blog_views_analytics called: object_type=user, range=month"}
{"levelname": "INFO", "asctime": "2025-12-05 10:23:59,637", "module": "services", "process": 19192, "thread": 14156, "message": "get_blog_views_analytics returning 30 results"}
{"levelname": "INFO", "asctime": "2025-12-05 10:23:59,646", "module": "views", "process": 19192, "thread": 14156, "message": "BlogViewsAnalyticsAPI called: <QueryDict: {'object_type': ['user'], 'range': ['month']}>"}
{"levelname": "INFO", "asctime": "2025-12-05 10:23:59,647", "module": "services", "process": 19192, "thread": 14156, "message": "get_blog_views_analytics called: object_type=user, range=month"}
{"levelname": "INFO", "asctime": "2025-12-05 10:23:59,653", "module": "services", "process": 19192, "thread": 14156, "message": "get_blog_views_analytics returning 30 results"}
{"levelname": "INFO", "asctime": "2025-12-05 10:23:59,663", "module": "views", "process": 19192, "thread": 14156, "message": "BlogViewsAnalyticsAPI called: <QueryDict: {'object_type': ['user'], 'range': ['month']}>"}
{"levelname": "INFO", "asctime": "2025-12-05 10:23:59,664", "module": "services", "process": 19192, "thread": 14156, "message": "get_blog_views_analytics called: object_type=user, range=month"}
{"levelname": "INFO", "asctime": "2025-12-05 10:23:59,671", "module": "services", "process": 19192, "thread": 14156, "message": "get_blog_views_analytics returning 30 results"}
{"levelname": "INFO", "asctime": "2025-12-05 10:23:59,681", "module": "views", "process": 19192, "thread": 14156, "message": "BlogViewsAnalyticsAPI called: <QueryDict: {'object_type': ['user'], 'range': ['month']}>"}
{"levelname": "INFO", "asctime": "2025-12-05 10:23:59,681", "module": "services", "process": 19192, "thread": 14156, "message": "get_blog_views_analytics called: object_type=user, range=month"}
{"levelname": "INFO", "asctime": "2025-12-05 10:23:59,688", "module": "services", "process": 19192, "thread": 14156, "message": "get_blog_views_analytics returning 30 results"}
{"levelname": "INFO", "asctime": "2025-12-05 10:23:59,703", "module": "views", "process": 19192, "thread": 14156, "message": "TopAnalyticsAPI called: <QueryDict: {'top': ['user']}>"}
{"levelname": "INFO", "asctime": "2025-12-05 10:23:59,705", "module": "services", "process": 19192, "thread": 14156, "message": "get_top_analytics called: top_type=user, range=None"}
{"levelname": "INFO", "asctime": "2025-12-05 10:23:59,713", "module": "services", "process": 19192, "thread": 14156, "message": "get_top_analytics returning 10 results"}
{"levelname": "INFO", "asctime": "2025-12-05 10:23:59,714", "module": "views", "process": 19192, "thread": 14156, "message": "TopAnalyticsAPI called: <QueryDict: {'top': ['user']}>"}
{"levelname": "INFO", "asctime": "2025-12-05 10:23:59,715", "module": "services", "process": 19192, "thread": 14156, "message": "get_top_analytics called: top_type=user, range=None"}
{"levelname": "INFO", "asctime": "2025-12-05 10:23:59,719", "module": "services", "process": 19192, "thread": 14156, "message": "get_top_analytics returning 10 results"}
{"levelname": "INFO", "asctime": "2025-12-05 10:23:59,721", "module": "views", "process": 19192, "thread": 14156, "message": "TopAnalyticsAPI called: <QueryDict: {'top': ['user']}>"}
{"levelname": "INFO", "asctime": "2025-12-05 10:23:59,723", "module": "services", "process": 19192, "thread": 14156, "message": "get_top_analytics called: top_type=user, range=None"}
{"levelname": "INFO", "asctime": "2025-12-05 10:23:59,727", "module": "services", "process": 19192, "thread": 14156, "message": "get_top_analytics returning 10 results"}
{"levelname": "INFO", "asctime": "2025-12-05 10:23:59,729", "module": "views", "process": 19192, "thread": 14156, "message": "TopAnalyticsAPI called: <QueryDict: {'top': ['user']}>"}
{"levelname": "INFO", "asctime": "2025-12-05 10:23:59,729", "module": "services", "process": 19192, "thread": 14156, "message": "get_top_analytics called: top_type=user, range=None"}
{"levelname": "INFO", "asctime": "2025-12-05 10:23:59,734", "module": "services", "process": 19192, "thread": 14156, "message": "get_top_analytics returning 10 results"}
{"levelname": "INFO", "asctime": "2025-12-05 10:23:59,736", "module": "views", "process": 19192, "thread": 14156, "message": "TopAnalyticsAPI called: <QueryDict: {'top': ['user']}>"}
{"levelname": "INFO", "asctime": "2025-12-05 10:23:59,737", "module": "services", "process": 19192, "thread": 14156, "message": "get_top_analytics called: top_type=user, range=None"}
{"levelname": "INFO", "asctime": "2025-12-05 10:23:59,741", "module": "services", "process": 19192, "thread": 14156, "message": "get_top_analytics returning 10 results"}
{"levelname": "INFO", "asctime": "2025-12-05 10:23:59,743", "module": "views", "process": 19192, "thread": 14156, "message": "TopAnalyticsAPI called: <QueryDict: {'top': ['user']}>"}
{"levelname": "INFO", "asctime": "2025-12-05 10:23:59,743", "module": "services", "process": 19192, "thread": 14156, "message": "get_top_analytics called: top_type=user, range=None"}
{"levelname": "INFO", "asctime": "2025-12-05 10:23:59,748", "module": "services", "process": 19192, "thread": 14156, "message": "get_top_analytics returning 10 results"}
{"levelname": "INFO", "asctime": "2025-12-05 10:23:59,750", "module": "views", "process": 19192, "thread": 14156, "message": "TopAnalyticsAPI called: <QueryDict: {'top': ['user']}>"}
{"levelname": "INFO", "asctime": "2025-12-05 10:23:59,752", "module": "services", "process": 19192, "thread": 14156, "message": "get_top_analytics called: top_type=user, range=None"}
{"levelname": "INFO", "asctime": "2025-12-05 10:23:59,756", "module": "services", "process": 19192, "thread": 14156, "message": "get_top_analytics returning 10 results"}
{"levelname": "INFO", "asctime": "2025-12-05 10:23:59,758", "module": "views", "process": 19192, "thread": 14156, "message": "TopAnalyticsAPI called: <QueryDict: {'top': ['user']}>"}
{"levelname": "INFO", "asctime": "2025-12-05 10:23:59,758", "module": "services", "process": 19192, "thread": 14156, "message": "get_top_analytics called: top_type=user, range=None"}
{"levelname": "INFO", "asctime": "2025-12-05 10:23:59,763", "module": "services", "process": 19192, "thread": 14156, "message": "get_top_analytics returning 10 results"}
{"levelname": "INFO", "asctime": "2025-12-05 10:23:59,764", "module": "views", "process": 19192, "thread": 14156, "message": "TopAnalyticsAPI called: <QueryDict: {'top': ['user']}>"}
{"levelname": "INFO", "asctime": "2025-12-05 10:23:59,767", "module": "services", "process": 19192, "thread": 14156, "message": "get_top_analytics called: top_type=user, range=None"}
{"levelname": "INFO", "asctime": "2025-12-05 10:23:59,772", "module": "services", "process": 19192, "thread": 14156, "message": "get_top_analytics returning 10 results"}
{"levelname": "INFO", "asctime": "2025-12-05 10:23:59,773", "module": "views", "process": 19192, "thread": 14156, "message": "TopAnalyticsAPI called: <QueryDict: {'top': ['user']}>"}
{"levelname": "INFO", "asctime": "2025-12-05 10:23:59,773", "module": "services", "process": 19192, "thread": 14156, "message": "get_top_analytics called: top_type=user, range=None"}
{"levelname": "INFO", "asctime": "2025-12-05 10:23:59,778", "module": "services", "process": 19192, "thread": 14156, "message": "get_top_analytics returning 10 results"}
{"levelname": "INFO", "asctime": "2025-12-05 10:23:59,783", "module": "views", "process": 19192, "thread": 14156, "message": "TopAnalyticsAPI called: <QueryDict: {'top': ['country']}>"}
{"levelname": "INFO", "asctime": "2025-12-05 10:23:59,784", "module": "services", "process": 19192, "thread": 14156, "message": "get_top_analytics called: top_type=country, range=None"}
{"levelname": "INFO", "asctime": "2025-12-05 10:23:59,786", "module": "services", "process": 19192, "thread": 14156, "message": "get_top_analytics returning 10 results"}
{"levelname": "INFO", "asctime": "2025-12-05 10:23:59,788", "module": "views", "process": 19192, "thread": 14156, "message": "TopAnalyticsAPI called: <QueryDict: {'top': ['country']}>"}
{"levelname": "INFO", "asctime": "2025-12-05 10:23:59,789", "module": "services", "process": 19192, "thread": 14156, "message": "get_top_analytics called: top_type=country, range=None"}
{"levelname": "INFO", "asctime": "2025-12-05 10:23:59,791", "module": "services", "process": 19192, "thread": 14156, "message": "get_top_analytics returning 10 results"}
{"levelname": "INFO", "asctime": "2025-12-05 10:23:59,793", "module": "views", "process": 19192, "thread": 14156, "message": "TopAnalyticsAPI called: <QueryDict: {'top': ['country']}>"}
{"levelname": "INFO", "asctime": "2025-12-05 10:23:59,796", "module": "services", "process": 19192, "thread": 14156, "message": "get_top_analytics called: top_type=country, range=None"}
{"levelname": "INFO", "asctime": "2025-12-05 10:23:59,798", "module": "services", "process": 19192, "thread": 14156, "message": "get_top_analytics returning 10 results"}
{"levelname": "INFO", "asctime": "2025-12-05 10:23:59,800", "module": "views", "process": 19192, "thread": 14156, "message": "TopAnalyticsAPI called: <QueryDict: {'top': ['country']}>"}
{"levelname": "INFO", "asctime": "2025-12-05 10:23:59,800", "module": "services", "process": 19192, "thread": 14156, "message": "get_top_analytics called: top_type=country, range=None"}
{"levelname": "INFO", "asctime": "2025-12-05 10:23:59,802", "module": "services", "process": 19192, "thread": 14156, "message": "get_top_analytics returning 10 results"}
{"levelname": "INFO", "asctime": "2025-12-05 10:23:59,804", "module": "views", "process": 19192, "thread": 14156, "message": "TopAnalyticsAPI called: <QueryDict: {'top': ['country']}>"}
{"levelname": "INFO", "asctime": "2025-12-05 10:23:59,805", "module": "services", "process": 19192, "thread": 14156, "message": "get_top_analytics called: top_type=country, range=None"}
{"levelname": "INFO", "asctime": "2025-12-05 10:23:59,808", "module": "services", "process": 19192, "thread": 14156, "message": "get_top_analytics returning 10 results"}
{"levelname": "INFO", "asctime": "2025-12-05 10:23:59,810", "module": "views", "process": 19192, "thread": 14156, "message": "TopAnalyticsAPI called: <QueryDict: {'top': ['country']}>"}
{"levelname": "INFO", "asctime": "2025-12-05 10:23:59,812", "module": "services", "process": 19192, "thread": 14156, "message": "get_top_analytics called: top_type=country, range=None"}
{"levelname": "INFO", "asctime": "2025-12-05 10:23:59,814", "module": "services", "process": 19192, "thread": 14156, "message": "get_top_analytics returning 10 results"}
{"levelname": "INFO", "asctime": "2025-12-05 10:23:59,816", "module": "views", "process": 19192, "thread": 14156, "message": "TopAnalyticsAPI called: <QueryDict: {'top': ['country']}>"}
{"levelname": "INFO", "asctime": "2025-12-05 10:23:59,816", "module": "services", "process": 19192, "thread": 14156, "message": "get_top_analytics called: top_type=country, range=None"}
{"levelname": "INFO", "asctime": "2025-12-05 10:23:59,818", "module": "services", "process": 19192, "thread": 14156, "message": "get_top_analytics returning 10 results"}
{"levelname": "INFO", "asctime": "2025-12-05 10:23:59,820", "module": "views", "process": 19192, "thread": 14156, "message": "TopAnalyticsAPI called: <QueryDict: {'top': ['country']}>"}
{"levelname": "INFO", "asctime": "2025-12-05 10:23:59,820", "module": "services", "process": 19192, "thread": 14156, "message": "get_top_analytics called: top_type=country, range=None"}
{"levelname": "INFO", "asctime": "2025-12-05 10:23:59,824", "module": "services", "process": 19192, "thread": 14156, "message": "get_top_analytics returning 10 results"}
{"levelname": "INFO", "asctime": "2025-12-05 10:23:59,828", "module": "views", "process": 19192, "thread": 14156, "message": "TopAnalyticsAPI called: <QueryDict: {'top': ['country']}>"}
{"levelname": "INFO", "asctime": "2025-12-05 10:23:59,828", "module": "services", "process": 19192, "thread": 14156, "message": "get_top_analytics called: top_type=country, range=None"}
{"levelname": "INFO", "asctime": "2025-12-05 10:23:59,830", "module": "services", "process": 19192, "thread": 14156, "message": "get_top_analytics returning 10 results"}
{"levelname": "INFO", "asctime": "2025-12-05 10:23:59,832", "module": "views", "process": 19192, "thread": 14156, "message": "TopAnalyticsAPI called: <QueryDict: {'top': ['country']}>"}
{"levelname": "INFO", "asctime": "2025-12-05 10:23:59,832", "module": "services", "process": 19192, "thread": 14156, "message": "get_top_analytics called: top_type=country, range=None"}
{"levelname": "INFO", "asctime": "2025-12-05 10:23:59,834", "module": "services", "process": 19192, "thread": 14156, "message": "get_top_analytics returning 10 results"}
{"levelname": "INFO", "asctime": "2025-12-05 10:23:59,839", "module": "views", "process": 19192, "thread": 14156, "message": "TopAnalyticsAPI called: <QueryDict: {'top': ['blog']}>"}
{"levelname": "INFO", "asctime": "2025-12-05 10:23:59,843", "module": "services", "process": 19192, "thread": 14156, "message": "get_top_analytics called: top_type=blog, range=None"}
{"levelname": "INFO", "asctime": "2025-12-05 10:23:59,846", "module": "services", "process": 19192, "thread": 14156, "message": "get_top_analytics returning 10 results"}
{"levelname": "INFO", "asctime": "2025-12-05 10:23:59,848", "module": "views", "process": 19192, "thread": 14156, "message": "TopAnalyticsAPI called: <QueryDict: {'top': ['blog']}>"}
{"levelname": "INFO", "asctime": "2025-12-05 10:23:59,848", "module": "services", "process": 19192, "thread": 14156, "message": "get_top_analytics called: top_type=blog, range=None"}
{"levelname": "INFO", "asctime": "2025-12-05 10:23:59,851", "module": "services", "process": 19192, "thread": 14156, "message": "get_top_analytics returning 10 results"}
{"levelname": "INFO", "asctime": "2025-12-05 10:23:59,853", "module": "views", "process": 19192, "thread": 14156, "message": "TopAnalyticsAPI called: <QueryDict: {'top': ['blog']}>"}
{"levelname": "INFO", "asctime": "2025-12-05 10:23:59,858", "module": "services", "process": 19192, "thread": 14156, "message": "get_top_analytics called: top_type=blog, range=None"}
{"levelname": "INFO", "asctime": "2025-12-05 10:23:59,861", "module": "services", "process": 19192, "thread": 14156, "message": "get_top_analytics returning 10 results"}
{"levelname": "INFO", "asctime": "2025-12-05 10:23:59,862", "module": "views", "process": 19192, "thread": 14156, "message": "TopAnalyticsAPI called: <QueryDict: {'top': ['blog']}>"}
{"levelname": "INFO", "asctime": "2025-12-05 10:23:59,862", "module": "services", "process": 19192, "thread": 14156, "message": "get_top_analytics called: top_type=blog, range=None"}
{"levelname": "INFO", "asctime": "2025-12-05 10:23:59,865", "module": "services", "process": 19192, "thread": 14156, "message": "get_top_analytics returning 10 results"}
{"levelname": "INFO", "asctime": "2025-12-05 10:23:59,866", "module": "views", "process": 19192, "thread": 14156, "message": "TopAnalyticsAPI called: <QueryDict: {'top': ['blog']}>"}
{"levelname": "INFO", "asctime": "2025-12-05 10:23:59,868", "module": "services", "process": 19192, "thread": 14156, "message": "get_top_analytics called: top_type=blog, range=None"}
{"levelname": "INFO", "asctime": "2025-12-05 10:23:59,875", "module": "services", "process": 19192, "thread": 14156, "message": "get_top_analytics returning 10 results"}
{"levelname": "INFO", "asctime": "2025-12-05 10:23:59,876", "module": "views", "process": 19192, "thread": 14156, "message": "TopAnalyticsAPI called: <QueryDict: {'top': ['blog']}>"}
{"levelname": "INFO", "asctime": "2025-12-05 10:23:59,876", "module": "services", "process": 19192, "thread": 14156, "message": "get_top_analytics called: top_type=blog, range=None"}
{"levelname": "INFO", "asctime": "2025-12-05 10:23:59,879", "module": "services", "process": 19192, "thread": 14156, "message": "get_top_analytics returning 10 results"}
{"levelname": "INFO", "asctime": "2025-12-05 10:23:59,880", "module": "views", "process": 19192, "thread": 14156, "message": "TopAnalyticsAPI called: <QueryDict: {'top': ['blog']}>"}
{"levelname": "INFO", "asctime": "2025-12-05 10:23:59,880", "module": "services", "process": 19192, "thread": 14156, "message": "get_top_analytics called: top_type=blog, range=None"}
{"levelname": "INFO", "asctime": "2025-12-05 10:23:59,885", "module": "services", "process": 19192, "thread": 14156, "message": "get_top_analytics returning 10 results"}
{"levelname": "INFO", "asctime": "2025-12-05 10:23:59,888", "module": "views", "process": 19192, "thread": 14156, "message": "TopAnalyticsAPI called: <QueryDict: {'top': ['blog']}>"}
{"levelname": "INFO", "asctime": "2025-12-05 10:23:59,889", "module": "services", "process": 19192, "thread": 14156, "message": "get_top_analytics called: top_type=blog, range=None"}
{"levelname": "INFO", "asctime": "2025-12-05 10:23:59,891", "module": "services", "process": 19192, "thread": 14156, "message": "get_top_analytics returning 10 results"}
{"levelname": "INFO", "asctime": "2025-12-05 10:23:59,892", "module": "views", "process": 19192, "thread": 14156, "message": "TopAnalyticsAPI called: <QueryDict: {'top': ['blog']}>"}
{"levelname": "INFO", "asctime": "2025-12-05 10:23:59,893", "module": "services", "process": 19192, "thread": 14156, "message": "get_top_analytics called: top_type=blog, range=None"}
{"levelname": "INFO", "asctime": "2025-12-05 10:23:59,895", "module": "services", "process": 19192, "thread": 14156, "message": "get_top_analytics returning 10 results"}
{"levelname": "INFO", "asctime": "2025-12-05 10:23:59,897", "module": "views", "process": 19192, "thread": 14156, "message": "TopAnalyticsAPI called: <QueryDict: {'top': ['blog']}>"}
{"levelname": "INFO", "asctime": "2025-12-05 10:23:59,898", "module": "services", "process": 19192, "thread": 14156, "message": "get_top_analytics called: top_type=blog, range=None"}
{"levelname": "INFO", "asctime": "2025-12-05 10:23:59,904", "module": "services", "process": 19192, "thread": 14156, "message": "get_top_analytics returning 10 results"}
{"levelname": "INFO", "asctime": "2025-12-05 10:23:59,907", "module": "views", "process": 19192, "thread": 14156, "message": "PerformanceAnalyticsAPI called: <QueryDict: {'compare': ['month']}>"}
{"levelname": "INFO", "asctime": "2025-12-05 10:23:59,908", "module": "services", "process": 19192, "thread": 14156, "message": "get_performance_analytics called: compare=month, user_id=None"}
{"levelname": "INFO", "asctime": "2025-12-05 10:23:59,928", "module": "services", "process": 19192, "thread": 14156, "message": "get_performance_analytics returning 3 periods"}
{"levelname": "INFO", "asctime": "2025-12-05 10:23:59,930", "module": "views", "process": 19192, "thread": 14156, "message": "PerformanceAnalyticsAPI called: <QueryDict: {'compare': ['month']}>"}
{"levelname": "INFO", "asctime": "2025-12-05 10:23:59,935", "module": "services", "process": 19192, "thread": 14156, "message": "get_performance_analytics called: compare=month, user_id=None"}
{"levelname": "INFO", "asctime": "2025-12-05 10:23:59,950", "module": "services", "process": 19192, "thread": 14156, "message": "get_performance_analytics returning 3 periods"}
{"levelname": "INFO", "asctime": "2025-12-05 10:23:59,951", "module": "views", "process": 19192, "thread": 14156, "message": "PerformanceAnalyticsAPI called: <QueryDict: {'compare': ['month']}>"}
{"levelname": "INFO", "asctime": "2025-12-05 10:23:59,952", "module": "services", "process": 19192, "thread": 14156, "message": "get_performance_analytics called: compare=month, user_id=None"}
{"levelname": "INFO", "asctime": "2025-12-05 10:23:59,972", "module": "services", "process": 19192, "thread": 14156, "message": "get_performance_analytics returning 3 periods"}
{"levelname": "INFO", "asctime": "2025-12-05 10:23:59,973", "module": "views", "process": 19192, "thread": 14156, "message": "PerformanceAnalyticsAPI called: <QueryDict: {'compare': ['month']}>"}
{"levelname": "INFO", "asctime": "2025-12-05 10:23:59,973", "module": "services", "process": 19192, "thread": 14156, "message": "get_performance_analytics called: compare=month, user_id=None"}
{"levelname": "INFO", "asctime": "2025-12-05 10:23:59,989", "module": "services", "process": 19192, "thread": 14156, "message": "get_performance_analytics returning 3 periods"}
{"levelname": "INFO", "asctime": "2025-12-05 10:23:59,990", "module": "views", "process": 19192, "thread": 14156, "message": "PerformanceAnalyticsAPI called: <QueryDict: {'compare': ['month']}>"}
{"levelname": "INFO", "asctime": "2025-12-05 10:23:59,994", "module": "services", "process": 19192, "thread": 14156, "message": "get_performance_analytics called: compare=month, user_id=None"}
{"levelname": "INFO", "asctime": "2025-12-05 10:24:00,011", "module": "services", "process": 19192, "thread": 14156, "message": "get_performance_analytics returning 3 periods"}
{"levelname": "INFO", "asctime": "2025-12-05 10:24:00,013", "module": "views", "process": 19192, "thread": 14156, "message": "PerformanceAnalyticsAPI called: <QueryDict: {'compare': ['month']}>"}
{"levelname": "INFO", "asctime": "2025-12-05 10:24:00,013", "module": "services", "process": 19192, "thread": 14156, "message": "get_performance_analytics called: compare=month, user_id=None"}
{"levelname": "INFO", "asctime": "2025-12-05 10:24:00,031", "module": "services", "process": 19192, "thread": 14156, "message": "get_performance_analytics returning 3 periods"}
{"levelname": "INFO", "asctime": "2025-12-05 10:24:00,032", "module": "views", "process": 19192, "thread": 14156, "message": "PerformanceAnalyticsAPI called: <QueryDict: {'compare': ['month']}>"}
{"levelname": "INFO", "asctime": "2025-12-05 10:24:00,033", "module": "services", "process": 19192, "thread": 14156, "message": "get_performance_analytics called: compare=month, user_id=None"}
{"levelname": "INFO", "asctime": "2025-12-05 10:24:00,052", "module": "services", "process": 19192, "thread": 14156, "message": "get_performance_analytics returning 3 periods"}
{"levelname": "INFO", "asctime": "2025-12-05 10:24:00,054", "module": "views", "process": 19192, "thread": 14156, "message": "PerformanceAnalyticsAPI called: <QueryDict: {'compare': ['month']}>"}
{"levelname": "INFO", "asctime": "2025-12-05 10:24:00,058", "module": "services", "process": 19192, "thread": 14156, "message": "get_performance_analytics called: compare=month, user_id=None"}
{"levelname": "INFO", "asctime": "2025-12-05 10:24:00,073", "module": "services", "process": 19192, "thread": 14156, "message": "get_performance_analytics returning 3 periods"}
{"levelname": "INFO", "asctime": "2025-12-05 10:24:00,075", "module": "views", "process": 19192, "thread": 14156, "message": "PerformanceAnalyticsAPI called: <QueryDict: {'compare': ['month']}>"}
{"levelname": "INFO", "asctime": "2025-12-05 10:24:00,076", "module": "services", "process": 19192, "thread": 14156, "message": "get_performance_analytics called: compare=month, user_id=None"}
{"levelname": "INFO", "asctime": "2025-12-05 10:24:00,092", "module": "services", "process": 19192, "thread": 14156, "message": "get_performance_analytics returning 3 periods"}
{"levelname": "INFO", "asctime": "2025-12-05 10:24:00,094", "module": "views", "process": 19192, "thread": 14156, "message": "PerformanceAnalyticsAPI called: <QueryDict: {'compare': ['month']}>"}
{"levelname": "INFO", "asctime": "2025-12-05 10:24:00,094", "module": "services", "process": 19192, "thread": 14156, "message": "get_performance_analytics called: compare=month, user_id=None"}
{"levelname": "INFO", "asctime": "2025-12-05 10:24:00,112", "module": "services", "process": 19192, "thread": 14156, "message": "get_performance_analytics returning 3 periods"}
{"levelname": "INFO", "asctime": "2025-12-05 10:24:00,121", "module": "views", "process": 19192, "thread": 14156, "message": "PerformanceAnalyticsAPI called: <QueryDict: {'compare': ['week']}>"}
{"levelname": "INFO", "asctime": "2025-12-05 10:24:00,122", "module": "services", "process": 19192, "thread": 14156, "message": "get_performance_analytics called: compare=week, user_id=None"}
{"levelname": "INFO", "asctime": "2025-12-05 10:24:00,141", "module": "services", "process": 19192, "thread": 14156, "message": "get_performance_analytics returning 10 periods"}
{"levelname": "INFO", "asctime": "2025-12-05 10:24:00,143", "module": "views", "process": 19192, "thread": 14156, "message": "PerformanceAnalyticsAPI called: <QueryDict: {'compare': ['week']}>"}
{"levelname": "INFO", "asctime": "2025-12-05 10:24:00,147", "module": "services", "process": 19192, "thread": 14156, "message": "get_performance_analytics called: compare=week, user_id=None"}
{"levelname": "INFO", "asctime": "2025-12-05 10:24:00,166", "module": "services", "process": 19192, "thread": 14156, "message": "get_performance_analytics returning 10 periods"}
{"levelname": "INFO", "asctime": "2025-12-05 10:24:00,167", "module": "views", "process": 19192, "thread": 14156, "message": "PerformanceAnalyticsAPI called: <QueryDict: {'compare': ['week']}>"}
{"levelname": "INFO", "asctime": "2025-12-05 10:24:00,168", "module": "services", "process": 19192, "thread": 14156, "message": "get_performance_analytics called: compare=week, user_id=None"}
{"levelname": "INFO", "asctime": "2025-12-05 10:24:00,187", "module": "services", "process": 19192, "thread": 14156, "message": "get_performance_analytics returning 10 periods"}
{"levelname": "INFO", "asctime": "2025-12-05 10:24:00,188", "module": "views", "process": 19192, "thread": 14156, "message": "PerformanceAnalyticsAPI called: <QueryDict: {'compare': ['week']}>"}
{"levelname": "INFO", "asctime": "2025-12-05 10:24:00,192", "module": "services", "process": 19192, "thread": 14156, "message": "get_performance_analytics called: compare=week, user_id=None"}
{"levelname": "INFO", "asctime": "2025-12-05 10:24:00,211", "module": "services", "process": 19192, "thread": 14156, "message": "get_performance_analytics returning 10 periods"}
{"levelname": "INFO", "asctime": "2025-12-05 10:24:00,213", "module": "views", "process": 19192, "thread": 14156, "message": "PerformanceAnalyticsAPI called: <QueryDict: {'compare': ['week']}>"}
{"levelname": "INFO", "asctime": "2025-12-05 10:24:00,213", "module": "services", "process": 19192, "thread": 14156, "message": "get_performance_analytics called: compare=week, user_id=None"}
{"levelname": "INFO", "asctime": "2025-12-05 10:24:00,232", "module": "services", "process": 19192, "thread": 14156, "message": "get_performance_analytics returning 10 periods"}
{"levelname": "INFO", "asctime": "2025-12-05 10:24:00,232", "module": "views", "process": 19192, "thread": 14156, "message": "PerformanceAnalyticsAPI called: <QueryDict: {'compare': ['week']}>"}
{"levelname": "INFO", "asctime": "2025-12-05 10:24:00,233", "module": "services", "process": 19192, "thread": 14156, "message": "get_performance_analytics called: compare=week, user_id=None"}
{"levelname": "INFO", "asctime": "2025-12-05 10:24:00,256", "module": "services", "process": 19192, "thread": 14156, "message": "get_performance_analytics returning 10 periods"}
{"levelname": "INFO", "asctime": "2025-12-05 10:24:00,258", "module": "views", "process": 19192, "thread": 14156, "message": "PerformanceAnalyticsAPI called: <QueryDict: {'compare': ['week']}>"}
{"levelname": "INFO", "asctime": "2025-12-05 10:24:00,260", "module": "services", "process": 19192, "thread": 14156, "message": "get_performance_analytics called: compare=week, user_id=None"}
{"levelname": "INFO", "asctime": "2025-12-05 10:24:00,282", "module": "services", "process": 19192, "thread": 14156, "message": "get_performance_analytics returning 10 periods"}
{"levelname": "INFO", "asctime": "2025-12-05 10:24:00,283", "module": "views", "process": 19192, "thread": 14156, "message": "PerformanceAnalyticsAPI called: <QueryDict: {'compare': ['week']}>"}
{"levelname": "INFO", "asctime": "2025-12-05 10:24:00,284", "module": "services", "process": 19192, "thread": 14156, "message": "get_performance_analytics called: compare=week, user_id=None"}
{"levelname": "INFO", "asctime": "2025-12-05 10:24:00,308", "module": "services", "process": 19192, "thread": 14156, "message": "get_performance_analytics returning 10 periods"}
{"levelname": "INFO", "asctime": "2025-12-05 10:24:00,309", "module": "views", "process": 19192, "thread": 14156, "message": "PerformanceAnalyticsAPI called: <QueryDict: {'compare': ['week']}>"}
{"levelname": "INFO", "asctime": "2025-12-05 10:24:00,310", "module": "services", "process": 19192, "thread": 14156, "message": "get_performance_analytics called: compare=week, user_id=None"}
{"levelname": "INFO", "asctime": "2025-12-05 10:24:00,327", "module": "services", "process": 19192, "thread": 14156, "message": "get_performance_analytics returning 10 periods"}
{"levelname": "INFO", "asctime": "2025-12-05 10:24:00,329", "module": "views", "process": 19192, "thread": 14156, "message": "PerformanceAnalyticsAPI called: <QueryDict: {'compare': ['week']}>"}
{"levelname": "INFO", "asctime": "2025-12-05 10:24:00,329", "module": "services", "process": 19192, "thread": 14156, "message": "get_performance_analytics called: compare=week, user_id=None"}
{"levelname": "INFO", "asctime": "2025-12-05 10:24:00,348", "module": "services", "process": 19192, "thread": 14156, "message": "get_performance_analytics returning 10 periods"}
